Build started 1/29/2015 9:01:10 AM.
     1>Project "C:\codez\amt\build\AutomobileMaintenanceTracker.vcxproj" on node 2 (Build target(s)).
     1>ClCompile:
         C:\Program Files (x86)\Microsoft Visual Studio 12.0\VC\bin\x86_amd64\CL.exe /c /IC:\Python27\include /IC:\codez\amt\include /nologo /W3 /WX- /O2 /Ob2 /D WIN32 /D _WINDOWS /D NDEBUG /D "CMAKE_INTDIR=\"Release\"" /D AutomobileMaintenanceTracker_EXPORTS /D _WINDLL /D _MBCS /Gm- /EHsc /MD /GS /fp:precise /Zc:wchar_t /Zc:forScope /GR /Fo"AutomobileMaintenanceTracker.dir\Release\\" /Fd"AutomobileMaintenanceTracker.dir\Release\vc120.pdb" /Gd /TP /errorReport:prompt ..\src\cpp\main.cpp
         main.cpp
       Link:
         C:\Program Files (x86)\Microsoft Visual Studio 12.0\VC\bin\x86_amd64\link.exe /ERRORREPORT:PROMPT /OUT:"C:\codez\amt\build\Release\_AutomobileMaintenanceTracker.pyd" /INCREMENTAL:NO /NOLOGO kernel32.lib user32.lib gdi32.lib winspool.lib shell32.lib ole32.lib oleaut32.lib uuid.lib comdlg32.lib advapi32.lib C:\Python27\libs\python27.lib /MANIFEST /MANIFESTUAC:"level='asInvoker' uiAccess='false'" /manifest:embed /PDB:"C:/codez/amt/build/Release/_AutomobileMaintenanceTracker.pdb" /SUBSYSTEM:CONSOLE /TLBID:1 /DYNAMICBASE /NXCOMPAT /IMPLIB:"C:/codez/amt/build/Release/_AutomobileMaintenanceTracker.lib" /MACHINE:X64  /machine:x64 /DLL AutomobileMaintenanceTracker.dir\Release\main.obj
         AutomobileMaintenanceTracker.dir\Release\AMTAPI.obj
         AutomobileMaintenanceTracker.dir\Release\Database.obj
         AutomobileMaintenanceTracker.dir\Release\Vehicle.obj
         AutomobileMaintenanceTracker.dir\Release\MaintenanceTask.obj
         AutomobileMaintenanceTracker.dir\Release\sqlite3.obj
         AutomobileMaintenanceTracker.dir\Release\AutomobileMaintenanceTracker_wrap.obj
            Creating library C:/codez/amt/build/Release/_AutomobileMaintenanceTracker.lib and object C:/codez/amt/build/Release/_AutomobileMaintenanceTracker.exp
         AutomobileMaintenanceTracker.vcxproj -> C:\codez\amt\build\Release\_AutomobileMaintenanceTracker.pyd
       PostBuildEvent:
         setlocal
         "C:\Program Files (x86)\CMake\bin\cmake.exe" -E copy C:/codez/amt/build/Release/_AutomobileMaintenanceTracker.pyd C:/codez/amt/tests
         if %errorlevel% neq 0 goto :cmEnd
         :cmEnd
         endlocal & call :cmErrorLevel %errorlevel% & goto :cmDone
         :cmErrorLevel
         exit /b %1
         :cmDone
         if %errorlevel% neq 0 goto :VCEnd
         setlocal
         "C:\Program Files (x86)\CMake\bin\cmake.exe" -E copy C:/codez/amt/codegen/AutomobileMaintenanceTracker.py C:/codez/amt/tests
         if %errorlevel% neq 0 goto :cmEnd
         :cmEnd
         endlocal & call :cmErrorLevel %errorlevel% & goto :cmDone
         :cmErrorLevel
         exit /b %1
         :cmDone
         if %errorlevel% neq 0 goto :VCEnd
         :VCEnd
     1>Done Building Project "C:\codez\amt\build\AutomobileMaintenanceTracker.vcxproj" (Build target(s)).

Build succeeded.

Time Elapsed 00:00:01.02
