C:\Users\christopher\Desktop\amt\build\Release\AutomobileMaintenanceTracker.lib
C:\Users\christopher\Desktop\amt\build\Release\AutomobileMaintenanceTracker.exp
C:\USERS\CHRISTOPHER\DESKTOP\AMT\BUILD\AUTOMOBILEMAINTENANCETRACKER.DIR\RELEASE\AUTOMOBILEMAINTENANCETRACKER_WRAP.OBJ
C:\USERS\CHRISTOPHER\DESKTOP\AMT\BUILD\AUTOMOBILEMAINTENANCETRACKER.DIR\RELEASE\MAINTENANCETASK.OBJ
C:\USERS\CHRISTOPHER\DESKTOP\AMT\BUILD\AUTOMOBILEMAINTENANCETRACKER.DIR\RELEASE\VEHICLE.OBJ
C:\USERS\CHRISTOPHER\DESKTOP\AMT\BUILD\AUTOMOBILEMAINTENANCETRACKER.DIR\RELEASE\DATABASE.OBJ
C:\USERS\CHRISTOPHER\DESKTOP\AMT\BUILD\AUTOMOBILEMAINTENANCETRACKER.DIR\RELEASE\AMTAPI.OBJ
C:\USERS\CHRISTOPHER\DESKTOP\AMT\BUILD\AUTOMOBILEMAINTENANCETRACKER.DIR\RELEASE\MAIN.OBJ
C:\USERS\CHRISTOPHER\DESKTOP\AMT\BUILD\AUTOMOBILEMAINTENANCETRACKER.DIR\RELEASE\SQLITE3.OBJ
C:\USERS\CHRISTOPHER\DESKTOP\AMT\BUILD\CMAKEFILES\GENERATE.STAMP
C:\USERS\CHRISTOPHER\DESKTOP\AMT\BUILD\RELEASE\AUTOMOBILEMAINTENANCETRACKER.PYD
C:\Users\christopher\Desktop\amt\build\AutomobileMaintenanceTracker.dir\Release\AMTAPI.obj
C:\Users\christopher\Desktop\amt\build\AutomobileMaintenanceTracker.dir\Release\AutomobileMaintenanceTracker_wrap.obj
C:\Users\christopher\Desktop\amt\build\AutomobileMaintenanceTracker.dir\Release\Database.obj
C:\Users\christopher\Desktop\amt\build\AutomobileMaintenanceTracker.dir\Release\main.obj
C:\Users\christopher\Desktop\amt\build\AutomobileMaintenanceTracker.dir\Release\MaintenanceTask.obj
C:\Users\christopher\Desktop\amt\build\AutomobileMaintenanceTracker.dir\Release\sqlite3.obj
C:\Users\christopher\Desktop\amt\build\AutomobileMaintenanceTracker.dir\Release\Vehicle.obj
C:\Users\christopher\Desktop\amt\build\AutomobileMaintenanceTracker.dir\Release\AutomobileMaintenanceTracker.write.1.tlog
C:\Users\christopher\Desktop\amt\build\AutomobileMaintenanceTracker.dir\Release\cl.command.1.tlog
C:\Users\christopher\Desktop\amt\build\AutomobileMaintenanceTracker.dir\Release\CL.read.1.tlog
C:\Users\christopher\Desktop\amt\build\AutomobileMaintenanceTracker.dir\Release\CL.write.1.tlog
C:\Users\christopher\Desktop\amt\build\AutomobileMaintenanceTracker.dir\Release\custombuild.command.1.tlog
C:\Users\christopher\Desktop\amt\build\AutomobileMaintenanceTracker.dir\Release\custombuild.read.1.tlog
C:\Users\christopher\Desktop\amt\build\AutomobileMaintenanceTracker.dir\Release\custombuild.write.1.tlog
C:\Users\christopher\Desktop\amt\build\AutomobileMaintenanceTracker.dir\Release\link-cvtres.read.1.tlog
C:\Users\christopher\Desktop\amt\build\AutomobileMaintenanceTracker.dir\Release\link-cvtres.write.1.tlog
C:\Users\christopher\Desktop\amt\build\AutomobileMaintenanceTracker.dir\Release\link-rc.read.1.tlog
C:\Users\christopher\Desktop\amt\build\AutomobileMaintenanceTracker.dir\Release\link-rc.write.1.tlog
C:\Users\christopher\Desktop\amt\build\AutomobileMaintenanceTracker.dir\Release\link.command.1.tlog
C:\Users\christopher\Desktop\amt\build\AutomobileMaintenanceTracker.dir\Release\link.read.1.tlog
C:\Users\christopher\Desktop\amt\build\AutomobileMaintenanceTracker.dir\Release\link.write.1.tlog
