Build started 1/28/2015 2:43:47 AM.
     1>Project "C:\Users\christopher\Desktop\amt\build\AutomobileMaintenanceTracker.vcxproj" on node 2 (Rebuild target(s)).
     1>CustomBuild:
         Building Custom Rule C:/Users/christopher/Desktop/amt/CMakeLists.txt
         CMake does not need to re-run because C:\Users\christopher\Desktop\amt\build\CMakeFiles\generate.stamp is up-to-date.
       ClCompile:
         C:\Program Files (x86)\Microsoft Visual Studio 11.0\VC\bin\CL.exe /c /IC:\Users\christopher\Desktop\amt\include /IC:\Python27\include /nologo /W3 /WX- /O2 /Ob2 /Oy- /D WIN32 /D _WINDOWS /D NDEBUG /D "CMAKE_INTDIR=\"Release\"" /D _WINDLL /D _MBCS /Gm- /EHsc /MD /GS /fp:precise /Zc:wchar_t /Zc:forScope /GR /Fo"AutomobileMaintenanceTracker.dir\Release\\" /Fd"AutomobileMaintenanceTracker.dir\Release\vc110.pdb" /Gd /TP /analyze- /errorReport:prompt C:\Users\christopher\Desktop\amt\src\cpp\main.cpp C:\Users\christopher\Desktop\amt\src\cpp\AMTAPI.cpp C:\Users\christopher\Desktop\amt\src\cpp\Database.cpp C:\Users\christopher\Desktop\amt\src\cpp\Vehicle.cpp C:\Users\christopher\Desktop\amt\src\cpp\MaintenanceTask.cpp C:\Users\christopher\Desktop\amt\codegen\AutomobileMaintenanceTracker_wrap.cxx
         main.cpp
         AMTAPI.cpp
         Database.cpp
     1>C:\Users\christopher\Desktop\amt\src\cpp\Database.cpp(374): warning C4244: 'argument' : conversion from 'sqlite3_int64' to 'int', possible loss of data
     1>C:\Users\christopher\Desktop\amt\src\cpp\Database.cpp(735): warning C4244: 'argument' : conversion from 'sqlite3_int64' to 'int', possible loss of data
         Vehicle.cpp
         MaintenanceTask.cpp
         AutomobileMaintenanceTracker_wrap.cxx
         Generating Code...
         C:\Program Files (x86)\Microsoft Visual Studio 11.0\VC\bin\CL.exe /c /IC:\Users\christopher\Desktop\amt\include /IC:\Python27\include /nologo /W3 /WX- /O2 /Ob2 /Oy- /D WIN32 /D _WINDOWS /D NDEBUG /D "CMAKE_INTDIR=\"Release\"" /D _WINDLL /D _MBCS /Gm- /EHsc /MD /GS /fp:precise /Zc:wchar_t /Zc:forScope /GR /Fo"AutomobileMaintenanceTracker.dir\Release\\" /Fd"AutomobileMaintenanceTracker.dir\Release\vc110.pdb" /Gd /TC /analyze- /errorReport:prompt C:\Users\christopher\Desktop\amt\src\cpp\sqlite\sqlite3.c
         sqlite3.c
     1>C:\Program Files (x86)\MSBuild\Microsoft.Cpp\v4.0\V110\Microsoft.CppBuild.targets(1137,5): warning MSB8012: TargetPath(C:\Users\christopher\Desktop\amt\build\Release\AutomobileMaintenanceTracker.exe) does not match the Linker's OutputFile property value (C:\Users\christopher\Desktop\amt\build\Release\AutomobileMaintenanceTracker.pyd). This may cause your project to build incorrectly. To correct this, please make sure that $(OutDir), $(TargetName) and $(TargetExt) property values match the value specified in %(Link.OutputFile).
     1>C:\Program Files (x86)\MSBuild\Microsoft.Cpp\v4.0\V110\Microsoft.CppBuild.targets(1138,5): warning MSB8012: TargetExt(.exe) does not match the Linker's OutputFile property value (.pyd). This may cause your project to build incorrectly. To correct this, please make sure that $(OutDir), $(TargetName) and $(TargetExt) property values match the value specified in %(Link.OutputFile).
       Link:
         C:\Program Files (x86)\Microsoft Visual Studio 11.0\VC\bin\link.exe /ERRORREPORT:PROMPT /OUT:"C:\Users\christopher\Desktop\amt\build\Release\AutomobileMaintenanceTracker.pyd" /INCREMENTAL:NO /NOLOGO /LIBPATH:C:\Python27\libs kernel32.lib user32.lib gdi32.lib winspool.lib shell32.lib ole32.lib oleaut32.lib uuid.lib comdlg32.lib advapi32.lib python27.lib /MANIFEST /MANIFESTUAC:"level='asInvoker' uiAccess='false'" /manifest:embed /PDB:"C:/Users/christopher/Desktop/amt/build/Release/AutomobileMaintenanceTracker.pdb" /SUBSYSTEM:CONSOLE /TLBID:1 /DYNAMICBASE /NXCOMPAT /IMPLIB:"C:/Users/christopher/Desktop/amt/build/Release/AutomobileMaintenanceTracker.lib" /MACHINE:X86 /SAFESEH  /machine:X86 /DLL AutomobileMaintenanceTracker.dir\Release\main.obj
         AutomobileMaintenanceTracker.dir\Release\AMTAPI.obj
         AutomobileMaintenanceTracker.dir\Release\Database.obj
         AutomobileMaintenanceTracker.dir\Release\Vehicle.obj
         AutomobileMaintenanceTracker.dir\Release\MaintenanceTask.obj
         AutomobileMaintenanceTracker.dir\Release\sqlite3.obj
         AutomobileMaintenanceTracker.dir\Release\AutomobileMaintenanceTracker_wrap.obj
            Creating library C:/Users/christopher/Desktop/amt/build/Release/AutomobileMaintenanceTracker.lib and object C:/Users/christopher/Desktop/amt/build/Release/AutomobileMaintenanceTracker.exp
         AutomobileMaintenanceTracker.vcxproj -> C:\Users\christopher\Desktop\amt\build\Release\AutomobileMaintenanceTracker.exe
     1>Done Building Project "C:\Users\christopher\Desktop\amt\build\AutomobileMaintenanceTracker.vcxproj" (Rebuild target(s)).

Build succeeded.

Time Elapsed 00:00:07.78
