Build started 1/28/2015 12:21:52 AM.
     1>Project "C:\Users\christopher\Desktop\amt\build\AutomobileMaintenanceTracker.vcxproj" on node 2 (Build target(s)).
     1>ClCompile:
         C:\Program Files (x86)\Microsoft Visual Studio 11.0\VC\bin\CL.exe /c /IC:\Users\christopher\Desktop\amt\include /Zi /nologo /W3 /WX- /Od /Ob0 /Oy- /D WIN32 /D _WINDOWS /D _DEBUG /D "CMAKE_INTDIR=\"Debug\"" /D _WINDLL /D _MBCS /Gm- /EHsc /RTC1 /MDd /GS /fp:precise /Zc:wchar_t /Zc:forScope /GR /Fo"AutomobileMaintenanceTracker.dir\Debug\\" /Fd"AutomobileMaintenanceTracker.dir\Debug\vc110.pdb" /Gd /TP /analyze- /errorReport:prompt C:\Users\christopher\Desktop\amt\src\cpp\AMTAPI.cpp C:\Users\christopher\Desktop\amt\src\cpp\Database.cpp C:\Users\christopher\Desktop\amt\src\cpp\MaintenanceTask.cpp C:\Users\christopher\Desktop\amt\src\cpp\Vehicle.cpp C:\Users\christopher\Desktop\amt\src\cpp\main.cpp
         AMTAPI.cpp
         Database.cpp
     1>C:\Users\christopher\Desktop\amt\src\cpp\Database.cpp(374): warning C4244: 'argument' : conversion from 'sqlite3_int64' to 'int', possible loss of data
     1>C:\Users\christopher\Desktop\amt\src\cpp\Database.cpp(735): warning C4244: 'argument' : conversion from 'sqlite3_int64' to 'int', possible loss of data
         MaintenanceTask.cpp
         Vehicle.cpp
         main.cpp
         Generating Code...
       Link:
         C:\Program Files (x86)\Microsoft Visual Studio 11.0\VC\bin\link.exe /ERRORREPORT:PROMPT /OUT:"C:\Users\christopher\Desktop\amt\build\Debug\AutomobileMaintenanceTracker.exe" /INCREMENTAL /NOLOGO kernel32.lib user32.lib gdi32.lib winspool.lib shell32.lib ole32.lib oleaut32.lib uuid.lib comdlg32.lib advapi32.lib /MANIFEST /MANIFESTUAC:"level='asInvoker' uiAccess='false'" /manifest:embed /DEBUG /PDB:"C:/Users/christopher/Desktop/amt/build/Debug/AutomobileMaintenanceTracker.pdb" /SUBSYSTEM:CONSOLE /TLBID:1 /DYNAMICBASE /NXCOMPAT /IMPLIB:"C:/Users/christopher/Desktop/amt/build/Debug/AutomobileMaintenanceTracker.lib" /MACHINE:X86 /SAFESEH  /machine:X86 /debug /DLL AutomobileMaintenanceTracker.dir\Debug\main.obj
         AutomobileMaintenanceTracker.dir\Debug\AMTAPI.obj
         AutomobileMaintenanceTracker.dir\Debug\Database.obj
         AutomobileMaintenanceTracker.dir\Debug\Vehicle.obj
         AutomobileMaintenanceTracker.dir\Debug\MaintenanceTask.obj
         AutomobileMaintenanceTracker.dir\Debug\sqlite3.obj
         AutomobileMaintenanceTracker.vcxproj -> C:\Users\christopher\Desktop\amt\build\Debug\AutomobileMaintenanceTracker.exe
     1>Done Building Project "C:\Users\christopher\Desktop\amt\build\AutomobileMaintenanceTracker.vcxproj" (Build target(s)).

Build succeeded.

Time Elapsed 00:00:03.56
